{"C:\\Users\\berke.sayin\\OneDrive - Doğuş Holding A.Ş\\Desktop\\my-repos\\jest-unit-test-practice\\index.js": {"path":"C:\\Users\\berke.sayin\\OneDrive - Doğuş Holding A.Ş\\Desktop\\my-repos\\jest-unit-test-practice\\index.js","statementMap":{"0":{"start":{"line":3,"column":12},"end":{"line":5,"column":1}},"1":{"start":{"line":4,"column":4},"end":{"line":4,"column":23}},"2":{"start":{"line":10,"column":0},"end":{"line":12,"column":2}}},"fnMap":{"0":{"name":"(anonymous_0)","decl":{"start":{"line":3,"column":12},"end":{"line":3,"column":13}},"loc":{"start":{"line":3,"column":28},"end":{"line":5,"column":1}},"line":3}},"branchMap":{},"s":{"0":1,"1":1,"2":1},"f":{"0":1},"b":{},"_coverageSchema":"1a1c01bbd47fc00a2c39e90264f33305004495a9","hash":"dfa1b233b82b9ff716af1504fd29abe7dbfdc59c"}
}
